[01m[K/home/perry/Jesus/Prueba6/src/moveit2_pose_target/src/move_to_pose_node.cpp:2:10:[m[K [01;31m[Kfatal error: [m[Kgeometry_msgs/msg/pose_Stamped.hpp: No such file or directory
    2 | #include [01;31m[K<geometry_msgs/msg/pose_Stamped.hpp>[m[K
      |          [01;31m[K^~~~~~~~~~~~~~~~~~~~~~~~~~~~~~~~~~~~[m[K
compilation terminated.
gmake[2]: *** [CMakeFiles/move_to_pose_node.dir/build.make:76: CMakeFiles/move_to_pose_node.dir/src/move_to_pose_node.cpp.o] Error 1
gmake[1]: *** [CMakeFiles/Makefile2:137: CMakeFiles/move_to_pose_node.dir/all] Error 2
gmake: *** [Makefile:146: all] Error 2
