[1.892s] Invoking command in '/home/perry/Jesus/Prueba6/build/moveit2_pose_target': CMAKE_PREFIX_PATH=${CMAKE_PREFIX_PATH}:/home/perry/Jesus/Prueba6/install/my_package:/home/perry/Jesus/Prueba6/install/moveit_configs_utils:/opt/ros/humble /usr/bin/cmake --build /home/perry/Jesus/Prueba6/build/moveit2_pose_target -- -j4 -l4
[4.562s] [ 50%] [32mBuilding CXX object CMakeFiles/move_to_pose_node.dir/src/move_to_pose_node.cpp.o[0m
[11.411s] [01m[K/home/perry/Jesus/Prueba6/src/moveit2_pose_target/src/move_to_pose_node.cpp:2:10:[m[K [01;31m[Kfatal error: [m[Kgeometry_msgs/msg/pose_Stamped.hpp: No such file or directory
[11.414s]     2 | #include [01;31m[K<geometry_msgs/msg/pose_Stamped.hpp>[m[K
[11.421s]       |          [01;31m[K^~~~~~~~~~~~~~~~~~~~~~~~~~~~~~~~~~~~[m[K
[11.424s] compilation terminated.
[11.476s] gmake[2]: *** [CMakeFiles/move_to_pose_node.dir/build.make:76: CMakeFiles/move_to_pose_node.dir/src/move_to_pose_node.cpp.o] Error 1
[11.477s] gmake[1]: *** [CMakeFiles/Makefile2:137: CMakeFiles/move_to_pose_node.dir/all] Error 2
[11.485s] gmake: *** [Makefile:146: all] Error 2
[11.488s] Invoked command in '/home/perry/Jesus/Prueba6/build/moveit2_pose_target' returned '2': CMAKE_PREFIX_PATH=${CMAKE_PREFIX_PATH}:/home/perry/Jesus/Prueba6/install/my_package:/home/perry/Jesus/Prueba6/install/moveit_configs_utils:/opt/ros/humble /usr/bin/cmake --build /home/perry/Jesus/Prueba6/build/moveit2_pose_target -- -j4 -l4
